c:\users\kolja\source\repos\course-paper\coursepaper\x64\release\vc141.pdb
c:\users\kolja\source\repos\course-paper\coursepaper\x64\release\withdrawcommand.obj
c:\users\kolja\source\repos\course-paper\coursepaper\x64\release\transfercommand.obj
c:\users\kolja\source\repos\course-paper\coursepaper\x64\release\mainform.obj
c:\users\kolja\source\repos\course-paper\coursepaper\x64\release\gateway.obj
c:\users\kolja\source\repos\course-paper\coursepaper\x64\release\dbconnecter.obj
c:\users\kolja\source\repos\course-paper\coursepaper\x64\release\atm.obj
c:\users\kolja\source\repos\course-paper\coursepaper\x64\release\.netframework,version=v4.6.1.assemblyattributes.obj
c:\users\kolja\source\repos\course-paper\coursepaper\x64\release\.netframework,version=v4.6.1.assemblyattributes.asm
c:\users\kolja\source\repos\course-paper\coursepaper\x64\release\coursepaper.mainform.resources
c:\users\kolja\source\repos\course-paper\x64\release\coursepaper.exe
c:\users\kolja\source\repos\course-paper\x64\release\coursepaper.pdb
c:\users\kolja\source\repos\course-paper\coursepaper\x64\release\coursepaper.vcxproj.generateresource.cache
c:\users\kolja\source\repos\course-paper\coursepaper\x64\release\coursepaper.vcxprojassemblyreference.cache
c:\users\kolja\source\repos\course-paper\coursepaper\x64\release\coursepaper.tlog\cl.command.1.tlog
c:\users\kolja\source\repos\course-paper\coursepaper\x64\release\coursepaper.tlog\cl.read.1.tlog
c:\users\kolja\source\repos\course-paper\coursepaper\x64\release\coursepaper.tlog\cl.write.1.tlog
c:\users\kolja\source\repos\course-paper\coursepaper\x64\release\coursepaper.tlog\coursepaper.write.1u.tlog
c:\users\kolja\source\repos\course-paper\coursepaper\x64\release\coursepaper.tlog\link.command.1.tlog
c:\users\kolja\source\repos\course-paper\coursepaper\x64\release\coursepaper.tlog\link.read.1.tlog
c:\users\kolja\source\repos\course-paper\coursepaper\x64\release\coursepaper.tlog\link.write.1.tlog
c:\users\kolja\source\repos\course-paper\coursepaper\x64\release\coursepaper.tlog\metagen.read.1.tlog
c:\users\kolja\source\repos\course-paper\coursepaper\x64\release\coursepaper.tlog\metagen.write.1.tlog
