20.01.2019 14:21:24	This log contains information about the import schema operation into project 'BankDb' on computer 'DESKTOP-RUOJK26' by user 'kolja'.
20.01.2019 14:21:24	Import of database schema has started.
20.01.2019 14:21:30	Gathering database credentials
20.01.2019 14:21:30	Gathering database options
20.01.2019 14:21:30	Gathering generic database scoped configuration option
20.01.2019 14:21:30	Gathering users
20.01.2019 14:21:30	Gathering roles
20.01.2019 14:21:30	Gathering application roles
20.01.2019 14:21:30	Gathering role memberships
20.01.2019 14:21:30	Gathering filegroups
20.01.2019 14:21:30	Gathering full-text catalogs
20.01.2019 14:21:30	Gathering assemblies
20.01.2019 14:21:30	Gathering certificates
20.01.2019 14:21:30	Gathering asymmetric keys
20.01.2019 14:21:30	Gathering symmetric keys
20.01.2019 14:21:30	Gathering encrypted symmetric keys
20.01.2019 14:21:30	Gathering schemas
20.01.2019 14:21:30	Gathering XML schema collections
20.01.2019 14:21:30	Gathering user-defined data types
20.01.2019 14:21:30	Gathering user-defined types
20.01.2019 14:21:30	Gathering table types
20.01.2019 14:21:30	Gathering unique keys for table types
20.01.2019 14:21:30	Gathering primary keys for table types
20.01.2019 14:21:30	Gathering indexes for table types
20.01.2019 14:21:30	Gathering check constraints for table types
20.01.2019 14:21:30	Gathering default constraints for table types
20.01.2019 14:21:30	Gathering partition functions
20.01.2019 14:21:30	Gathering partition schemes
20.01.2019 14:21:30	Gathering functions
20.01.2019 14:21:30	Gathering encrypted functions
20.01.2019 14:21:30	Gathering aggregates
20.01.2019 14:21:30	Gathering procedures
20.01.2019 14:21:30	Gathering encrypted procedures
20.01.2019 14:21:30	Gathering tables
20.01.2019 14:21:30	Gathering primary keys
20.01.2019 14:21:30	Gathering unique constraints
20.01.2019 14:21:30	Gathering foreign keys
20.01.2019 14:21:30	Gathering default constraints
20.01.2019 14:21:31	Gathering check constraints
20.01.2019 14:21:31	Gathering views
20.01.2019 14:21:31	Gathering encrypted views
20.01.2019 14:21:31	Gathering indexes
20.01.2019 14:21:31	Gathering statistics
20.01.2019 14:21:31	Gathering full-text index stoplists
20.01.2019 14:21:31	Gathering search property lists
20.01.2019 14:21:31	Gathering search properties
20.01.2019 14:21:31	Gathering full-text indexes
20.01.2019 14:21:31	Gathering column store indexes
20.01.2019 14:21:31	Gathering spatial indexes
20.01.2019 14:21:31	Gathering XML indexes
20.01.2019 14:21:31	Gathering Selective XML indexes
20.01.2019 14:21:31	Gathering encrypted triggers
20.01.2019 14:21:31	Gathering triggers
20.01.2019 14:21:31	Gathering encrypted and clr ddl triggers
20.01.2019 14:21:31	Gathering ddl triggers
20.01.2019 14:21:31	Gathering synonyms
20.01.2019 14:21:31	Gathering defaults
20.01.2019 14:21:31	Gathering data constraint uddt bindings
20.01.2019 14:21:31	Gathering rules
20.01.2019 14:21:31	Gathering data constraint uddt bindings
20.01.2019 14:21:31	Gathering message types
20.01.2019 14:21:31	Gathering queues
20.01.2019 14:21:31	Gathering contracts
20.01.2019 14:21:31	Gathering services
20.01.2019 14:21:31	Gathering event notifications
20.01.2019 14:21:31	Gathering remote service bindings
20.01.2019 14:21:31	Gathering broker priorities
20.01.2019 14:21:31	Gathering signatures
20.01.2019 14:21:31	Gathering data compression options
20.01.2019 14:21:31	Gathering sequence types
20.01.2019 14:21:31	Gathering security policies
20.01.2019 14:21:31	Gather column encryption keys
20.01.2019 14:21:31	Gathering column master keys
20.01.2019 14:21:31	Gathering external data sources
20.01.2019 14:21:31	Gathering external file formats
20.01.2019 14:21:31	Gathering external tables
20.01.2019 14:21:31	Gathering extended properties
20.01.2019 14:21:31	Gathering credentials
20.01.2019 14:21:31	Gathering logins
20.01.2019 14:21:31	Gathering server audits
20.01.2019 14:21:32	Scanning project for duplicate elements
20.01.2019 14:21:33	Finished duplicate element processing
20.01.2019 14:21:34	Finished importing database.
20.01.2019 14:21:34	A summary of the import was saved to the following location: C:\Users\kolja\source\repos\Course-Paper\BankDb\Import Schema Logs\BankDb_20190120122124.log
20.01.2019 14:21:34	Click Finish to continue...
