c:\users\kolja\source\repos\course-paper\coursepaper\release\vc141.pdb
c:\users\kolja\source\repos\course-paper\coursepaper\release\withdrawcommand.obj
c:\users\kolja\source\repos\course-paper\coursepaper\release\transfercommand.obj
c:\users\kolja\source\repos\course-paper\coursepaper\release\mainform.obj
c:\users\kolja\source\repos\course-paper\coursepaper\release\gateway.obj
c:\users\kolja\source\repos\course-paper\coursepaper\release\dbconnecter.obj
c:\users\kolja\source\repos\course-paper\coursepaper\release\atm.obj
c:\users\kolja\source\repos\course-paper\coursepaper\release\.netframework,version=v4.6.1.assemblyattributes.obj
c:\users\kolja\source\repos\course-paper\coursepaper\release\.netframework,version=v4.6.1.assemblyattributes.asm
c:\users\kolja\source\repos\course-paper\coursepaper\release\coursepaper.mainform.resources
c:\users\kolja\source\repos\course-paper\coursepaper\release\coursepaper.vcxproj.generateresource.cache
c:\users\kolja\source\repos\course-paper\coursepaper\release\coursepaper.tlog\cl.command.1.tlog
c:\users\kolja\source\repos\course-paper\coursepaper\release\coursepaper.tlog\cl.read.1.tlog
c:\users\kolja\source\repos\course-paper\coursepaper\release\coursepaper.tlog\cl.write.1.tlog
c:\users\kolja\source\repos\course-paper\coursepaper\release\coursepaper.tlog\coursepaper.write.1u.tlog
c:\users\kolja\source\repos\course-paper\coursepaper\release\coursepaper.tlog\link.command.1.tlog
c:\users\kolja\source\repos\course-paper\coursepaper\release\coursepaper.tlog\link.read.1.tlog
c:\users\kolja\source\repos\course-paper\coursepaper\release\coursepaper.tlog\link.write.1.tlog
c:\users\kolja\source\repos\course-paper\coursepaper\release\coursepaper.tlog\metagen.read.1.tlog
c:\users\kolja\source\repos\course-paper\coursepaper\release\coursepaper.tlog\metagen.write.1.tlog
