c:\users\kolja\source\repos\coursepaper\coursepaper\debug\vc141.pdb
c:\users\kolja\source\repos\coursepaper\coursepaper\debug\mainform.obj
c:\users\kolja\source\repos\coursepaper\coursepaper\debug\dbconnecter.obj
c:\users\kolja\source\repos\coursepaper\coursepaper\debug\atm.obj
c:\users\kolja\source\repos\coursepaper\coursepaper\debug\.netframework,version=v4.6.1.assemblyattributes.obj
c:\users\kolja\source\repos\coursepaper\coursepaper\debug\.netframework,version=v4.6.1.assemblyattributes.asm
c:\users\kolja\source\repos\coursepaper\coursepaper\debug\coursepaper.mainform.resources
c:\users\kolja\source\repos\coursepaper\debug\coursepaper.exe
c:\users\kolja\source\repos\coursepaper\debug\coursepaper.pdb
c:\users\kolja\source\repos\coursepaper\coursepaper\debug\coursepaper.vcxproj.generateresource.cache
c:\users\kolja\source\repos\coursepaper\coursepaper\debug\coursepaper.vcxprojassemblyreference.cache
c:\users\kolja\source\repos\coursepaper\coursepaper\debug\coursepaper.tlog\cl.command.1.tlog
c:\users\kolja\source\repos\coursepaper\coursepaper\debug\coursepaper.tlog\cl.read.1.tlog
c:\users\kolja\source\repos\coursepaper\coursepaper\debug\coursepaper.tlog\cl.write.1.tlog
c:\users\kolja\source\repos\coursepaper\coursepaper\debug\coursepaper.tlog\coursepaper.write.1u.tlog
c:\users\kolja\source\repos\coursepaper\coursepaper\debug\coursepaper.tlog\link.command.1.tlog
c:\users\kolja\source\repos\coursepaper\coursepaper\debug\coursepaper.tlog\link.read.1.tlog
c:\users\kolja\source\repos\coursepaper\coursepaper\debug\coursepaper.tlog\link.write.1.tlog
c:\users\kolja\source\repos\coursepaper\coursepaper\debug\coursepaper.tlog\metagen.read.1.tlog
c:\users\kolja\source\repos\coursepaper\coursepaper\debug\coursepaper.tlog\metagen.write.1.tlog
